<<<<<<< HEAD
2018-12-19 01:00:04,670 - root - INFO - ############################### START ###############################
2018-12-19 01:00:46,792 - root - INFO - ###############################  END  ###############################
2018-12-19 01:00:46,792 - root - INFO - ############################### START ###############################
2018-12-19 01:01:19,292 - root - INFO - ###############################  END  ###############################
2018-12-19 01:01:19,292 - root - INFO - ############################### START ###############################
2018-12-19 01:01:51,020 - root - INFO - ###############################  END  ###############################
2018-12-19 01:01:51,020 - root - INFO - ############################### START ###############################
2018-12-19 01:02:22,994 - root - INFO - ###############################  END  ###############################
2018-12-19 01:02:22,994 - root - INFO - ############################### START ###############################
2018-12-19 01:02:54,384 - root - INFO - ###############################  END  ###############################
2018-12-19 01:02:54,384 - root - INFO - ############################### START ###############################
2018-12-19 01:03:26,316 - root - INFO - ###############################  END  ###############################
2018-12-19 01:03:26,316 - root - INFO - ############################### START ###############################
2018-12-19 01:03:58,301 - root - INFO - ###############################  END  ###############################
2018-12-19 01:03:58,301 - root - INFO - ############################### START ###############################
2018-12-19 01:04:29,711 - root - INFO - ###############################  END  ###############################
2018-12-19 01:04:29,711 - root - INFO - ############################### START ###############################
2018-12-19 01:04:50,006 - root - INFO - ###############################  END  ###############################
2018-12-19 01:04:50,006 - root - INFO - ############################### START ###############################
2018-12-19 01:05:15,899 - root - INFO - ###############################  END  ###############################
2018-12-19 01:05:15,899 - root - INFO - ############################### START ###############################
2018-12-19 01:05:39,859 - root - INFO - ###############################  END  ###############################
2018-12-19 01:05:39,859 - root - INFO - ############################### START ###############################
2018-12-19 01:06:03,971 - root - INFO - ###############################  END  ###############################
2018-12-19 01:06:03,971 - root - INFO - ############################### START ###############################
2018-12-19 01:06:32,875 - root - INFO - ###############################  END  ###############################
2018-12-19 01:06:32,875 - root - INFO - ############################### START ###############################
2018-12-19 01:06:59,524 - root - INFO - ###############################  END  ###############################
2018-12-19 01:06:59,524 - root - INFO - ############################### START ###############################
2018-12-19 01:07:29,412 - root - INFO - ###############################  END  ###############################
2018-12-19 01:07:29,412 - root - INFO - ############################### START ###############################
2018-12-19 01:08:05,283 - root - INFO - ###############################  END  ###############################
2018-12-19 01:08:05,283 - root - INFO - ############################### START ###############################
2018-12-19 01:08:32,938 - root - INFO - ###############################  END  ###############################
2018-12-19 01:08:32,938 - root - INFO - ############################### START ###############################
2018-12-19 01:09:06,346 - root - INFO - ###############################  END  ###############################
2018-12-19 01:09:06,346 - root - INFO - ############################### START ###############################
2018-12-19 01:09:40,888 - root - INFO - ###############################  END  ###############################
2018-12-19 01:09:40,888 - root - INFO - ############################### START ###############################
2018-12-19 01:10:11,082 - root - INFO - ###############################  END  ###############################
2018-12-19 01:10:11,082 - root - INFO - ############################### START ###############################
2018-12-19 01:10:41,645 - root - INFO - ###############################  END  ###############################
2018-12-19 01:10:41,645 - root - INFO - ############################### START ###############################
2018-12-19 01:11:11,439 - root - INFO - ###############################  END  ###############################
2018-12-19 01:11:11,439 - root - INFO - ############################### START ###############################
2018-12-19 01:11:40,895 - root - INFO - ###############################  END  ###############################
2018-12-19 01:11:40,895 - root - INFO - ############################### START ###############################
2018-12-19 01:12:11,163 - root - INFO - ###############################  END  ###############################
2018-12-19 01:12:11,163 - root - INFO - ############################### START ###############################
2018-12-19 01:12:41,807 - root - INFO - ###############################  END  ###############################
2018-12-19 01:12:41,807 - root - INFO - ############################### START ###############################
2018-12-19 01:13:10,565 - root - INFO - ###############################  END  ###############################
2018-12-19 01:13:10,565 - root - INFO - ############################### START ###############################
2018-12-19 01:13:40,804 - root - INFO - ###############################  END  ###############################
2018-12-19 01:13:40,804 - root - INFO - ############################### START ###############################
2018-12-19 01:14:10,020 - root - INFO - ###############################  END  ###############################
2018-12-19 01:14:10,020 - root - INFO - ############################### START ###############################
2018-12-19 01:14:18,592 - root - INFO - ###############################  END  ###############################
2018-12-19 01:14:18,592 - root - INFO - ############################### START ###############################
2018-12-19 01:14:58,696 - root - INFO - ###############################  END  ###############################
2018-12-19 01:14:58,696 - root - INFO - ############################### START ###############################
2018-12-19 01:15:38,647 - root - INFO - ###############################  END  ###############################
2018-12-19 01:15:38,647 - root - INFO - ############################### START ###############################
2018-12-19 01:16:17,223 - root - INFO - ###############################  END  ###############################
2018-12-19 01:16:17,223 - root - INFO - ############################### START ###############################
2018-12-19 01:17:01,188 - root - INFO - ###############################  END  ###############################
2018-12-19 01:17:01,188 - root - INFO - ############################### START ###############################
2018-12-19 01:17:43,764 - root - INFO - ###############################  END  ###############################
2018-12-19 01:17:43,764 - root - INFO - ############################### START ###############################
2018-12-19 01:18:38,469 - root - INFO - ###############################  END  ###############################
2018-12-19 01:18:38,469 - root - INFO - ############################### START ###############################
2018-12-19 01:19:04,220 - root - INFO - ###############################  END  ###############################
2018-12-19 01:19:04,220 - root - INFO - ############################### START ###############################
2018-12-19 01:19:42,239 - root - INFO - ###############################  END  ###############################
2018-12-19 01:19:42,239 - root - INFO - ############################### START ###############################
2018-12-19 01:20:34,409 - root - INFO - ###############################  END  ###############################
2018-12-19 01:20:34,409 - root - INFO - ############################### START ###############################
2018-12-19 01:21:25,292 - root - INFO - ###############################  END  ###############################
2018-12-19 01:21:25,292 - root - INFO - ############################### START ###############################
2018-12-19 01:22:14,509 - root - INFO - ###############################  END  ###############################
2018-12-19 01:22:14,509 - root - INFO - ############################### START ###############################
2018-12-19 01:22:48,382 - root - INFO - ###############################  END  ###############################
2018-12-19 01:22:48,382 - root - INFO - ############################### START ###############################
2018-12-19 01:23:11,843 - root - INFO - ###############################  END  ###############################
2018-12-19 01:23:11,843 - root - INFO - ############################### START ###############################
2018-12-19 01:24:05,653 - root - INFO - ###############################  END  ###############################
2018-12-19 01:24:05,653 - root - INFO - ############################### START ###############################
2018-12-19 01:24:57,255 - root - INFO - ###############################  END  ###############################
2018-12-19 01:24:57,255 - root - INFO - ############################### START ###############################
2018-12-19 01:26:13,475 - root - INFO - ###############################  END  ###############################
2018-12-19 01:26:13,475 - root - INFO - ############################### START ###############################
2018-12-19 01:27:15,621 - root - INFO - ###############################  END  ###############################
2018-12-19 01:27:15,621 - root - INFO - ############################### START ###############################
2018-12-19 01:28:12,135 - root - INFO - ###############################  END  ###############################
2018-12-19 01:28:12,135 - root - INFO - ############################### START ###############################
2018-12-19 01:29:14,563 - root - INFO - ###############################  END  ###############################
2018-12-19 01:29:14,563 - root - INFO - ############################### START ###############################
2018-12-19 01:29:50,971 - root - INFO - ###############################  END  ###############################
2018-12-19 01:29:50,971 - root - INFO - ############################### START ###############################
2018-12-19 01:30:27,155 - root - INFO - ###############################  END  ###############################
2018-12-19 01:30:27,155 - root - INFO - ############################### START ###############################
2018-12-19 01:31:03,933 - root - INFO - ###############################  END  ###############################
2018-12-19 01:31:03,933 - root - INFO - ############################### START ###############################
2018-12-19 01:31:41,150 - root - INFO - ###############################  END  ###############################
2018-12-19 01:31:41,150 - root - INFO - ############################### START ###############################
2018-12-19 01:32:18,227 - root - INFO - ###############################  END  ###############################
2018-12-19 01:32:18,227 - root - INFO - ############################### START ###############################
2018-12-19 01:32:54,855 - root - INFO - ###############################  END  ###############################
2018-12-19 01:32:54,855 - root - INFO - ############################### START ###############################
2018-12-19 01:33:17,504 - root - INFO - ###############################  END  ###############################
2018-12-19 01:33:17,504 - root - INFO - ############################### START ###############################
2018-12-19 01:33:47,124 - root - INFO - ###############################  END  ###############################
2018-12-19 01:33:47,124 - root - INFO - ############################### START ###############################
2018-12-19 01:34:13,416 - root - INFO - ###############################  END  ###############################
2018-12-19 01:34:13,416 - root - INFO - ############################### START ###############################
2018-12-19 01:34:30,395 - root - INFO - ###############################  END  ###############################
2018-12-19 01:34:30,395 - root - INFO - ############################### START ###############################
2018-12-19 01:34:52,122 - root - INFO - ###############################  END  ###############################
2018-12-19 01:34:52,122 - root - INFO - ############################### START ###############################
2018-12-19 01:35:15,614 - root - INFO - ###############################  END  ###############################
2018-12-19 01:35:15,614 - root - INFO - ############################### START ###############################
2018-12-19 01:35:39,774 - root - INFO - ###############################  END  ###############################
2018-12-19 01:35:39,774 - root - INFO - ############################### START ###############################
2018-12-19 01:36:03,066 - root - INFO - ###############################  END  ###############################
2018-12-19 01:36:03,066 - root - INFO - ############################### START ###############################
2018-12-19 01:36:25,371 - root - INFO - ###############################  END  ###############################
2018-12-19 01:36:25,371 - root - INFO - ############################### START ###############################
2018-12-19 01:36:48,144 - root - INFO - ###############################  END  ###############################
2018-12-19 01:36:48,144 - root - INFO - ############################### START ###############################
2018-12-19 01:37:12,969 - root - INFO - ###############################  END  ###############################
2018-12-19 01:37:12,969 - root - INFO - ############################### START ###############################
2018-12-19 01:37:41,303 - root - INFO - ###############################  END  ###############################
2018-12-19 01:37:41,303 - root - INFO - ############################### START ###############################
2018-12-19 01:38:21,509 - root - INFO - ###############################  END  ###############################
2018-12-19 01:38:21,509 - root - INFO - ############################### START ###############################
2018-12-19 01:38:52,731 - root - INFO - ###############################  END  ###############################
2018-12-19 01:38:52,731 - root - INFO - ############################### START ###############################
2018-12-19 01:39:50,562 - root - INFO - ###############################  END  ###############################
2018-12-19 01:39:50,562 - root - INFO - ############################### START ###############################
2018-12-19 01:40:27,839 - root - INFO - ###############################  END  ###############################
2018-12-19 01:40:27,839 - root - INFO - ############################### START ###############################
2018-12-19 01:40:50,948 - root - INFO - ###############################  END  ###############################
2018-12-19 01:40:50,948 - root - INFO - ############################### START ###############################
2018-12-19 01:41:22,789 - root - INFO - ###############################  END  ###############################
2018-12-19 01:41:22,789 - root - INFO - ############################### START ###############################
2018-12-19 01:41:54,283 - root - INFO - ###############################  END  ###############################
2018-12-19 01:41:54,283 - root - INFO - ############################### START ###############################
2018-12-19 01:42:19,374 - root - INFO - ###############################  END  ###############################
2018-12-19 01:42:19,374 - root - INFO - ############################### START ###############################
2018-12-19 01:43:16,156 - root - INFO - ###############################  END  ###############################
2018-12-19 01:43:16,156 - root - INFO - ############################### START ###############################
2018-12-19 01:43:57,421 - root - INFO - ###############################  END  ###############################
2018-12-19 01:43:57,421 - root - INFO - ############################### START ###############################
2018-12-19 01:44:25,278 - root - INFO - ###############################  END  ###############################
2018-12-19 01:44:25,278 - root - INFO - ############################### START ###############################
2018-12-19 01:44:49,276 - root - INFO - ###############################  END  ###############################
2018-12-19 01:44:49,276 - root - INFO - ############################### START ###############################
2018-12-19 01:45:37,033 - root - INFO - ###############################  END  ###############################
2018-12-19 01:45:37,033 - root - INFO - ############################### START ###############################
2018-12-19 01:46:31,816 - root - INFO - ###############################  END  ###############################
2018-12-19 01:46:31,816 - root - INFO - ############################### START ###############################
2018-12-19 01:47:00,539 - root - INFO - ###############################  END  ###############################
2018-12-19 01:47:00,539 - root - INFO - ############################### START ###############################
2018-12-19 01:47:34,937 - root - INFO - ###############################  END  ###############################
2018-12-19 01:47:34,937 - root - INFO - ############################### START ###############################
2018-12-19 01:48:08,998 - root - INFO - ###############################  END  ###############################
2018-12-19 01:48:08,998 - root - INFO - ############################### START ###############################
2018-12-19 01:48:40,497 - root - INFO - ###############################  END  ###############################
2018-12-19 01:48:40,497 - root - INFO - ############################### START ###############################
2018-12-19 01:49:11,393 - root - INFO - ###############################  END  ###############################
2018-12-19 01:49:11,393 - root - INFO - ############################### START ###############################
2018-12-19 01:49:42,265 - root - INFO - ###############################  END  ###############################
2018-12-19 01:49:42,265 - root - INFO - ############################### START ###############################
2018-12-19 01:50:15,657 - root - INFO - ###############################  END  ###############################
2018-12-19 01:50:15,657 - root - INFO - ############################### START ###############################
2018-12-19 01:50:49,943 - root - INFO - ###############################  END  ###############################
2018-12-19 01:50:49,943 - root - INFO - ############################### START ###############################
2018-12-19 01:51:22,690 - root - INFO - ###############################  END  ###############################
2018-12-19 01:51:22,690 - root - INFO - ############################### START ###############################
2018-12-19 01:51:56,752 - root - INFO - ###############################  END  ###############################
2018-12-19 01:51:56,752 - root - INFO - ############################### START ###############################
2018-12-19 01:52:27,858 - root - INFO - ###############################  END  ###############################
2018-12-19 01:52:27,858 - root - INFO - ############################### START ###############################
2018-12-19 01:52:58,986 - root - INFO - ###############################  END  ###############################
2018-12-19 01:52:58,986 - root - INFO - ############################### START ###############################
2018-12-19 01:53:28,865 - root - INFO - ###############################  END  ###############################
2018-12-19 01:53:28,865 - root - INFO - ############################### START ###############################
2018-12-19 01:53:59,785 - root - INFO - ###############################  END  ###############################
2018-12-19 01:53:59,785 - root - INFO - ############################### START ###############################
2018-12-19 01:54:40,899 - root - INFO - ###############################  END  ###############################
2018-12-19 01:54:40,899 - root - INFO - ############################### START ###############################
2018-12-19 01:55:23,286 - root - INFO - ###############################  END  ###############################
2018-12-19 01:55:23,286 - root - INFO - ############################### START ###############################
2018-12-19 01:56:02,628 - root - INFO - ###############################  END  ###############################
2018-12-19 01:56:02,628 - root - INFO - ############################### START ###############################
2018-12-19 01:56:38,725 - root - INFO - ###############################  END  ###############################
2018-12-19 01:56:38,725 - root - INFO - ############################### START ###############################
2018-12-19 01:57:14,398 - root - INFO - ###############################  END  ###############################
2018-12-19 01:57:14,398 - root - INFO - ############################### START ###############################
2018-12-19 01:57:54,782 - root - INFO - ###############################  END  ###############################
2018-12-19 01:57:54,782 - root - INFO - ############################### START ###############################
2018-12-19 01:58:37,105 - root - INFO - ###############################  END  ###############################
2018-12-19 01:58:37,105 - root - INFO - ############################### START ###############################
2018-12-19 01:59:14,210 - root - INFO - ###############################  END  ###############################
2018-12-19 01:59:14,210 - root - INFO - ############################### START ###############################
2018-12-19 01:59:50,053 - root - INFO - ###############################  END  ###############################
2018-12-19 01:59:50,053 - root - INFO - ############################### START ###############################
2018-12-19 02:00:26,059 - root - INFO - ###############################  END  ###############################
2018-12-19 02:00:26,059 - root - INFO - ############################### START ###############################
2018-12-19 02:01:02,639 - root - INFO - ###############################  END  ###############################
2018-12-19 02:01:02,639 - root - INFO - ############################### START ###############################
2018-12-19 02:01:39,208 - root - INFO - ###############################  END  ###############################
2018-12-19 02:01:39,208 - root - INFO - ############################### START ###############################
2018-12-19 02:01:59,021 - root - INFO - ###############################  END  ###############################
2018-12-19 02:01:59,021 - root - INFO - ############################### START ###############################
2018-12-19 02:02:23,058 - root - INFO - ###############################  END  ###############################
2018-12-19 02:02:23,058 - root - INFO - ############################### START ###############################
2018-12-19 02:02:53,320 - root - INFO - ###############################  END  ###############################
2018-12-19 02:02:53,320 - root - INFO - ############################### START ###############################
2018-12-19 02:03:18,246 - root - INFO - ###############################  END  ###############################
2018-12-19 02:03:18,246 - root - INFO - ############################### START ###############################
2018-12-19 02:03:41,800 - root - INFO - ###############################  END  ###############################
2018-12-19 02:03:41,800 - root - INFO - ############################### START ###############################
2018-12-19 02:04:07,025 - root - INFO - ###############################  END  ###############################
2018-12-19 02:04:07,025 - root - INFO - ############################### START ###############################
2018-12-19 02:04:31,669 - root - INFO - ###############################  END  ###############################
2018-12-19 02:04:31,669 - root - INFO - ############################### START ###############################
2018-12-19 02:05:10,184 - root - INFO - ###############################  END  ###############################
2018-12-19 02:05:10,184 - root - INFO - ############################### START ###############################
2018-12-19 02:05:34,378 - root - INFO - ###############################  END  ###############################
2018-12-19 02:05:34,378 - root - INFO - ############################### START ###############################
2018-12-19 02:05:57,170 - root - INFO - ###############################  END  ###############################
2018-12-19 02:05:57,170 - root - INFO - ############################### START ###############################
2018-12-19 02:06:19,878 - root - INFO - ###############################  END  ###############################
2018-12-19 02:06:19,878 - root - INFO - ############################### START ###############################
2018-12-19 02:06:45,205 - root - INFO - ###############################  END  ###############################
2018-12-19 02:06:45,205 - root - INFO - ############################### START ###############################
2018-12-19 02:07:07,697 - root - INFO - ###############################  END  ###############################
2018-12-19 02:07:07,697 - root - INFO - ############################### START ###############################
2018-12-19 02:07:32,855 - root - INFO - ###############################  END  ###############################
2018-12-19 02:07:32,855 - root - INFO - ############################### START ###############################
2018-12-19 02:07:57,741 - root - INFO - ###############################  END  ###############################
2018-12-19 02:07:57,741 - root - INFO - ############################### START ###############################
2018-12-19 02:08:34,337 - root - INFO - ###############################  END  ###############################
2018-12-19 02:08:34,337 - root - INFO - ############################### START ###############################
2018-12-19 02:09:10,049 - root - INFO - ###############################  END  ###############################
2018-12-19 02:09:10,049 - root - INFO - ############################### START ###############################
2018-12-19 02:09:46,196 - root - INFO - ###############################  END  ###############################
2018-12-19 02:09:46,196 - root - INFO - ############################### START ###############################
2018-12-19 02:10:22,530 - root - INFO - ###############################  END  ###############################
2018-12-19 02:10:22,530 - root - INFO - ############################### START ###############################
2018-12-19 02:10:58,050 - root - INFO - ###############################  END  ###############################
2018-12-19 02:10:58,050 - root - INFO - ############################### START ###############################
2018-12-19 02:11:33,691 - root - INFO - ###############################  END  ###############################
2018-12-19 02:11:33,691 - root - INFO - ############################### START ###############################
2018-12-19 02:12:05,360 - root - INFO - ###############################  END  ###############################
2018-12-19 02:12:05,360 - root - INFO - ############################### START ###############################
2018-12-19 02:12:36,385 - root - INFO - ###############################  END  ###############################
2018-12-19 02:12:36,385 - root - INFO - ############################### START ###############################
2018-12-19 02:13:08,456 - root - INFO - ###############################  END  ###############################
2018-12-19 02:13:08,456 - root - INFO - ############################### START ###############################
2018-12-19 02:13:41,497 - root - INFO - ###############################  END  ###############################
2018-12-19 02:13:41,497 - root - INFO - ############################### START ###############################
2018-12-19 02:14:15,125 - root - INFO - ###############################  END  ###############################
2018-12-19 02:14:15,125 - root - INFO - ############################### START ###############################
2018-12-19 02:14:52,926 - root - INFO - ###############################  END  ###############################
2018-12-19 02:14:52,926 - root - INFO - ############################### START ###############################
2018-12-19 02:15:23,990 - root - INFO - ###############################  END  ###############################
2018-12-19 02:15:23,990 - root - INFO - ############################### START ###############################
2018-12-19 02:15:55,467 - root - INFO - ###############################  END  ###############################
2018-12-19 02:15:55,467 - root - INFO - ############################### START ###############################
2018-12-19 02:16:26,679 - root - INFO - ###############################  END  ###############################
2018-12-19 02:16:26,679 - root - INFO - ############################### START ###############################
2018-12-19 02:16:59,732 - root - INFO - ###############################  END  ###############################
2018-12-19 02:16:59,732 - root - INFO - ############################### START ###############################
2018-12-19 02:17:30,697 - root - INFO - ###############################  END  ###############################
2018-12-19 02:17:30,697 - root - INFO - ############################### START ###############################
2018-12-19 02:18:04,033 - root - INFO - ###############################  END  ###############################
2018-12-19 02:18:04,033 - root - INFO - ############################### START ###############################
2018-12-19 02:18:35,019 - root - INFO - ###############################  END  ###############################
2018-12-19 02:18:35,019 - root - INFO - ############################### START ###############################
2018-12-19 02:19:05,165 - root - INFO - ###############################  END  ###############################
2018-12-19 02:19:05,165 - root - INFO - ############################### START ###############################
2018-12-19 02:19:35,388 - root - INFO - ###############################  END  ###############################
2018-12-19 02:19:35,388 - root - INFO - ############################### START ###############################
2018-12-19 02:20:06,114 - root - INFO - ###############################  END  ###############################
2018-12-19 02:20:06,114 - root - INFO - ############################### START ###############################
2018-12-19 02:20:36,592 - root - INFO - ###############################  END  ###############################
2018-12-19 02:20:36,592 - root - INFO - ############################### START ###############################
2018-12-19 02:21:07,118 - root - INFO - ###############################  END  ###############################
2018-12-19 02:21:07,118 - root - INFO - ############################### START ###############################
2018-12-19 02:21:37,211 - root - INFO - ###############################  END  ###############################
2018-12-19 02:21:37,211 - root - INFO - ############################### START ###############################
2018-12-19 02:22:08,609 - root - INFO - ###############################  END  ###############################
2018-12-19 02:22:08,609 - root - INFO - ############################### START ###############################
2018-12-19 02:22:40,116 - root - INFO - ###############################  END  ###############################
2018-12-19 02:22:40,116 - root - INFO - ############################### START ###############################
2018-12-19 02:23:11,384 - root - INFO - ###############################  END  ###############################
2018-12-19 02:23:11,384 - root - INFO - ############################### START ###############################
2018-12-19 02:23:42,688 - root - INFO - ###############################  END  ###############################
2018-12-19 02:23:42,688 - root - INFO - ############################### START ###############################
2018-12-19 02:24:14,334 - root - INFO - ###############################  END  ###############################
2018-12-19 02:24:14,334 - root - INFO - ############################### START ###############################
2018-12-19 02:25:12,246 - root - INFO - ###############################  END  ###############################
2018-12-19 02:25:12,246 - root - INFO - ############################### START ###############################
2018-12-19 02:26:13,078 - root - INFO - ###############################  END  ###############################
2018-12-19 02:26:13,078 - root - INFO - ############################### START ###############################
2018-12-19 02:27:12,148 - root - INFO - ###############################  END  ###############################
2018-12-19 02:27:12,148 - root - INFO - ############################### START ###############################
2018-12-19 02:28:11,580 - root - INFO - ###############################  END  ###############################
2018-12-19 02:28:11,580 - root - INFO - ############################### START ###############################
2018-12-19 02:29:22,921 - root - INFO - ###############################  END  ###############################
2018-12-19 02:29:30,515 - root - INFO - 发送邮件成功
=======
2018-12-19 08:51:39,734 - root - INFO - ############################### START ###############################
2018-12-19 08:52:36,853 - root - INFO - ###############################  END  ###############################
2018-12-19 08:53:12,368 - root - INFO - ############################### START ###############################
2018-12-19 08:53:47,870 - root - INFO - ###############################  END  ###############################
2018-12-19 08:54:01,375 - root - INFO - ############################### START ###############################
2018-12-19 08:54:33,767 - root - INFO - ###############################  END  ###############################
2018-12-19 08:55:15,740 - root - INFO - ############################### START ###############################
2018-12-19 08:56:05,547 - root - INFO - ###############################  END  ###############################
>>>>>>> c67c63d69cec37908f7e6e5935de75c471b141a6
2018-12-19 11:42:26,281 - root - INFO - ############################### START ###############################
2018-12-19 11:42:58,382 - root - INFO - ###############################  END  ###############################
2018-12-19 12:00:50,456 - root - INFO - ############################### START ###############################
2018-12-19 12:01:23,250 - root - INFO - ###############################  END  ###############################
2018-12-19 12:01:23,251 - root - INFO - ############################### START ###############################
2018-12-19 12:02:01,159 - root - INFO - ###############################  END  ###############################
2018-12-19 12:02:01,161 - root - INFO - ############################### START ###############################
2018-12-19 12:02:39,718 - root - INFO - ###############################  END  ###############################
2018-12-19 12:02:39,720 - root - INFO - ############################### START ###############################
2018-12-19 12:03:14,016 - root - INFO - ###############################  END  ###############################
2018-12-19 12:03:14,018 - root - INFO - ############################### START ###############################
2018-12-19 12:04:43,263 - root - INFO - ###############################  END  ###############################
2018-12-19 12:04:43,265 - root - INFO - ############################### START ###############################
2018-12-19 12:05:21,093 - root - INFO - ###############################  END  ###############################
2018-12-19 12:05:21,095 - root - INFO - ############################### START ###############################
2018-12-19 12:06:08,406 - root - INFO - ###############################  END  ###############################
2018-12-19 12:06:08,408 - root - INFO - ############################### START ###############################
2018-12-19 12:06:44,141 - root - INFO - ###############################  END  ###############################
2018-12-19 12:06:44,142 - root - INFO - ############################### START ###############################
2018-12-19 12:07:09,103 - root - INFO - ###############################  END  ###############################
2018-12-19 12:07:09,105 - root - INFO - ############################### START ###############################
2018-12-19 12:07:45,356 - root - INFO - ###############################  END  ###############################
2018-12-19 12:07:45,358 - root - INFO - ############################### START ###############################
2018-12-19 12:08:09,926 - root - INFO - ###############################  END  ###############################
2018-12-19 12:08:09,928 - root - INFO - ############################### START ###############################
2018-12-19 12:08:34,593 - root - INFO - ###############################  END  ###############################
2018-12-19 12:08:34,595 - root - INFO - ############################### START ###############################
2018-12-19 12:09:00,653 - root - INFO - ###############################  END  ###############################
2018-12-19 12:09:00,655 - root - INFO - ############################### START ###############################
2018-12-19 12:09:26,191 - root - INFO - ###############################  END  ###############################
2018-12-19 12:09:26,193 - root - INFO - ############################### START ###############################
2018-12-19 12:09:54,245 - root - INFO - ###############################  END  ###############################
2018-12-19 12:09:54,247 - root - INFO - ############################### START ###############################
2018-12-19 12:10:29,428 - root - INFO - ###############################  END  ###############################
2018-12-19 12:10:29,430 - root - INFO - ############################### START ###############################
2018-12-19 12:11:00,012 - root - INFO - ###############################  END  ###############################
2018-12-19 12:11:00,014 - root - INFO - ############################### START ###############################
2018-12-19 12:11:32,389 - root - INFO - ###############################  END  ###############################
2018-12-19 12:11:32,391 - root - INFO - ############################### START ###############################
2018-12-19 12:12:06,014 - root - INFO - ###############################  END  ###############################
2018-12-19 12:12:06,016 - root - INFO - ############################### START ###############################
2018-12-19 12:13:31,239 - root - INFO - ###############################  END  ###############################
2018-12-19 12:13:31,242 - root - INFO - ############################### START ###############################
2018-12-19 12:14:15,866 - root - INFO - ###############################  END  ###############################
2018-12-19 12:14:15,868 - root - INFO - ############################### START ###############################
2018-12-19 12:15:05,809 - root - INFO - ###############################  END  ###############################
2018-12-19 12:15:05,811 - root - INFO - ############################### START ###############################
2018-12-19 12:15:55,251 - root - INFO - ###############################  END  ###############################
2018-12-19 12:15:55,253 - root - INFO - ############################### START ###############################
2018-12-19 12:16:32,134 - root - INFO - ###############################  END  ###############################
2018-12-19 12:16:32,136 - root - INFO - ############################### START ###############################
2018-12-19 12:17:12,410 - root - INFO - ###############################  END  ###############################
2018-12-19 12:17:12,412 - root - INFO - ############################### START ###############################
2018-12-19 12:17:44,488 - root - INFO - ###############################  END  ###############################
2018-12-19 12:17:44,491 - root - INFO - ############################### START ###############################
2018-12-19 12:18:20,916 - root - INFO - ###############################  END  ###############################
2018-12-19 12:18:20,918 - root - INFO - ############################### START ###############################
2018-12-19 12:18:53,532 - root - INFO - ###############################  END  ###############################
2018-12-19 12:18:53,534 - root - INFO - ############################### START ###############################
2018-12-19 12:19:01,056 - root - INFO - ###############################  END  ###############################
2018-12-19 12:19:01,058 - root - INFO - ############################### START ###############################
2018-12-19 12:19:49,047 - root - INFO - ###############################  END  ###############################
2018-12-19 12:19:49,049 - root - INFO - ############################### START ###############################
2018-12-19 12:20:36,440 - root - INFO - ###############################  END  ###############################
2018-12-19 12:20:36,442 - root - INFO - ############################### START ###############################
2018-12-19 12:21:20,088 - root - INFO - ###############################  END  ###############################
2018-12-19 12:21:20,093 - root - INFO - ############################### START ###############################
2018-12-19 12:22:09,545 - root - INFO - ###############################  END  ###############################
2018-12-19 12:22:09,547 - root - INFO - ############################### START ###############################
2018-12-19 12:22:57,049 - root - INFO - ###############################  END  ###############################
2018-12-19 12:22:57,051 - root - INFO - ############################### START ###############################
2018-12-19 12:23:46,140 - root - INFO - ###############################  END  ###############################
2018-12-19 12:23:46,142 - root - INFO - ############################### START ###############################
2018-12-19 12:24:46,055 - root - INFO - ###############################  END  ###############################
2018-12-19 12:24:46,057 - root - INFO - ############################### START ###############################
2018-12-19 12:25:26,060 - root - INFO - ###############################  END  ###############################
2018-12-19 12:25:26,061 - root - INFO - ############################### START ###############################
2018-12-19 12:26:00,955 - root - INFO - ###############################  END  ###############################
2018-12-19 12:26:00,957 - root - INFO - ############################### START ###############################
2018-12-19 12:26:37,434 - root - INFO - ###############################  END  ###############################
2018-12-19 12:26:37,436 - root - INFO - ############################### START ###############################
2018-12-19 12:27:32,800 - root - INFO - ###############################  END  ###############################
2018-12-19 12:27:32,802 - root - INFO - ############################### START ###############################
2018-12-19 12:28:09,514 - root - INFO - ###############################  END  ###############################
2018-12-19 12:28:09,516 - root - INFO - ############################### START ###############################
2018-12-19 12:28:35,837 - root - INFO - ###############################  END  ###############################
2018-12-19 12:28:35,839 - root - INFO - ############################### START ###############################
2018-12-19 12:29:34,075 - root - INFO - ###############################  END  ###############################
2018-12-19 12:29:34,081 - root - INFO - ############################### START ###############################
2018-12-19 12:30:31,796 - root - INFO - ###############################  END  ###############################
2018-12-19 12:30:31,799 - root - INFO - ############################### START ###############################
2018-12-19 12:32:15,698 - root - INFO - ###############################  END  ###############################
2018-12-19 12:32:15,702 - root - INFO - ############################### START ###############################
2018-12-19 12:33:08,140 - root - INFO - ###############################  END  ###############################
2018-12-19 12:33:08,142 - root - INFO - ############################### START ###############################
2018-12-19 12:33:56,058 - root - INFO - ###############################  END  ###############################
2018-12-19 12:33:56,060 - root - INFO - ############################### START ###############################
2018-12-19 12:34:53,973 - root - INFO - ###############################  END  ###############################
2018-12-19 12:34:53,975 - root - INFO - ############################### START ###############################
2018-12-19 12:35:27,039 - root - INFO - ###############################  END  ###############################
2018-12-19 12:35:27,041 - root - INFO - ############################### START ###############################
2018-12-19 12:36:05,755 - root - INFO - ###############################  END  ###############################
2018-12-19 12:36:05,757 - root - INFO - ############################### START ###############################
2018-12-19 12:36:53,052 - root - INFO - ###############################  END  ###############################
2018-12-19 12:36:53,054 - root - INFO - ############################### START ###############################
2018-12-19 12:37:30,152 - root - INFO - ###############################  END  ###############################
2018-12-19 12:37:30,154 - root - INFO - ############################### START ###############################
2018-12-19 12:38:07,481 - root - INFO - ###############################  END  ###############################
2018-12-19 12:38:07,483 - root - INFO - ############################### START ###############################
2018-12-19 12:38:50,014 - root - INFO - ###############################  END  ###############################
2018-12-19 12:38:50,016 - root - INFO - ############################### START ###############################
2018-12-19 12:39:18,657 - root - INFO - ###############################  END  ###############################
2018-12-19 12:39:18,659 - root - INFO - ############################### START ###############################
2018-12-19 12:40:00,761 - root - INFO - ###############################  END  ###############################
2018-12-19 12:40:00,763 - root - INFO - ############################### START ###############################
2018-12-19 12:40:41,256 - root - INFO - ###############################  END  ###############################
2018-12-19 12:40:41,258 - root - INFO - ############################### START ###############################
2018-12-19 12:41:02,469 - root - INFO - ###############################  END  ###############################
2018-12-19 12:41:02,471 - root - INFO - ############################### START ###############################
2018-12-19 12:41:28,845 - root - INFO - ###############################  END  ###############################
2018-12-19 12:41:28,846 - root - INFO - ############################### START ###############################
2018-12-19 12:41:56,661 - root - INFO - ###############################  END  ###############################
2018-12-19 12:41:56,663 - root - INFO - ############################### START ###############################
2018-12-19 12:42:21,863 - root - INFO - ###############################  END  ###############################
2018-12-19 12:42:21,865 - root - INFO - ############################### START ###############################
2018-12-19 12:42:48,382 - root - INFO - ###############################  END  ###############################
2018-12-19 12:42:48,384 - root - INFO - ############################### START ###############################
2018-12-19 12:47:55,945 - root - INFO - ###############################  END  ###############################
2018-12-19 12:47:55,950 - root - INFO - ############################### START ###############################
2018-12-19 12:48:23,299 - root - INFO - ###############################  END  ###############################
2018-12-19 12:48:23,301 - root - INFO - ############################### START ###############################
2018-12-19 12:48:51,958 - root - INFO - ###############################  END  ###############################
2018-12-19 12:48:51,959 - root - INFO - ############################### START ###############################
2018-12-19 12:49:26,873 - root - INFO - ###############################  END  ###############################
2018-12-19 12:49:26,875 - root - INFO - ############################### START ###############################
2018-12-19 12:50:11,225 - root - INFO - ###############################  END  ###############################
2018-12-19 12:50:11,228 - root - INFO - ############################### START ###############################
2018-12-19 12:50:38,834 - root - INFO - ###############################  END  ###############################
2018-12-19 12:50:38,837 - root - INFO - ############################### START ###############################
2018-12-19 12:51:42,944 - root - INFO - ###############################  END  ###############################
2018-12-19 12:51:42,946 - root - INFO - ############################### START ###############################
2018-12-19 12:52:28,178 - root - INFO - ###############################  END  ###############################
2018-12-19 12:52:28,180 - root - INFO - ############################### START ###############################
2018-12-19 12:52:57,169 - root - INFO - ###############################  END  ###############################
2018-12-19 12:52:57,171 - root - INFO - ############################### START ###############################
2018-12-19 12:53:28,843 - root - INFO - ###############################  END  ###############################
2018-12-19 12:53:28,845 - root - INFO - ############################### START ###############################
2018-12-19 12:54:05,482 - root - INFO - ###############################  END  ###############################
2018-12-19 12:54:05,484 - root - INFO - ############################### START ###############################
2018-12-19 12:54:27,613 - root - INFO - ###############################  END  ###############################
2018-12-19 12:54:27,615 - root - INFO - ############################### START ###############################
2018-12-19 12:55:02,787 - root - INFO - ###############################  END  ###############################
2018-12-19 12:55:02,789 - root - INFO - ############################### START ###############################
2018-12-19 12:55:40,901 - root - INFO - ###############################  END  ###############################
2018-12-19 12:55:40,903 - root - INFO - ############################### START ###############################
2018-12-19 12:56:15,918 - root - INFO - ###############################  END  ###############################
2018-12-19 12:56:15,920 - root - INFO - ############################### START ###############################
2018-12-19 12:56:47,054 - root - INFO - ###############################  END  ###############################
2018-12-19 12:56:47,056 - root - INFO - ############################### START ###############################
2018-12-19 12:58:07,589 - root - INFO - ###############################  END  ###############################
2018-12-19 12:58:07,591 - root - INFO - ############################### START ###############################
2018-12-19 12:58:43,494 - root - INFO - ###############################  END  ###############################
2018-12-19 12:58:43,496 - root - INFO - ############################### START ###############################
2018-12-19 12:59:09,683 - root - INFO - ###############################  END  ###############################
2018-12-19 12:59:09,685 - root - INFO - ############################### START ###############################
2018-12-19 12:59:59,279 - root - INFO - ###############################  END  ###############################
2018-12-19 12:59:59,281 - root - INFO - ############################### START ###############################
2018-12-19 13:00:34,703 - root - INFO - ###############################  END  ###############################
2018-12-19 13:00:34,705 - root - INFO - ############################### START ###############################
2018-12-19 13:01:10,412 - root - INFO - ###############################  END  ###############################
2018-12-19 13:01:10,414 - root - INFO - ############################### START ###############################
2018-12-19 13:01:46,651 - root - INFO - ###############################  END  ###############################
2018-12-19 13:01:46,653 - root - INFO - ############################### START ###############################
2018-12-19 13:02:20,309 - root - INFO - ###############################  END  ###############################
2018-12-19 13:02:20,311 - root - INFO - ############################### START ###############################
2018-12-19 13:02:57,215 - root - INFO - ###############################  END  ###############################
2018-12-19 13:02:57,217 - root - INFO - ############################### START ###############################
2018-12-19 13:03:34,604 - root - INFO - ###############################  END  ###############################
2018-12-19 13:03:34,606 - root - INFO - ############################### START ###############################
2018-12-19 13:04:19,145 - root - INFO - ###############################  END  ###############################
2018-12-19 13:04:19,147 - root - INFO - ############################### START ###############################
2018-12-19 13:04:54,693 - root - INFO - ###############################  END  ###############################
2018-12-19 13:04:54,695 - root - INFO - ############################### START ###############################
2018-12-19 13:05:37,803 - root - INFO - ###############################  END  ###############################
2018-12-19 13:05:37,805 - root - INFO - ############################### START ###############################
2018-12-19 13:06:21,477 - root - INFO - ###############################  END  ###############################
2018-12-19 13:06:21,479 - root - INFO - ############################### START ###############################
2018-12-19 13:07:23,195 - root - INFO - ###############################  END  ###############################
2018-12-19 13:07:23,197 - root - INFO - ############################### START ###############################
2018-12-19 13:08:14,854 - root - INFO - ###############################  END  ###############################
2018-12-19 13:08:14,856 - root - INFO - ############################### START ###############################
2018-12-19 13:08:49,798 - root - INFO - ###############################  END  ###############################
2018-12-19 13:08:49,799 - root - INFO - ############################### START ###############################
2018-12-19 13:10:09,175 - root - INFO - ###############################  END  ###############################
2018-12-19 13:10:09,177 - root - INFO - ############################### START ###############################
2018-12-19 13:10:47,152 - root - INFO - ###############################  END  ###############################
2018-12-19 13:10:47,154 - root - INFO - ############################### START ###############################
2018-12-19 13:11:21,751 - root - INFO - ###############################  END  ###############################
2018-12-19 13:11:21,753 - root - INFO - ############################### START ###############################
2018-12-19 13:12:06,235 - root - INFO - ###############################  END  ###############################
2018-12-19 13:12:06,239 - root - INFO - ############################### START ###############################
2018-12-19 13:13:01,576 - root - INFO - ###############################  END  ###############################
2018-12-19 13:13:01,578 - root - INFO - ############################### START ###############################
2018-12-19 13:13:52,361 - root - INFO - ###############################  END  ###############################
2018-12-19 13:13:52,364 - root - INFO - ############################### START ###############################
2018-12-19 13:14:38,855 - root - INFO - ###############################  END  ###############################
2018-12-19 13:14:38,857 - root - INFO - ############################### START ###############################
2018-12-19 13:15:12,711 - root - INFO - ###############################  END  ###############################
2018-12-19 13:15:12,713 - root - INFO - ############################### START ###############################
2018-12-19 13:15:52,188 - root - INFO - ###############################  END  ###############################
2018-12-19 13:15:52,190 - root - INFO - ############################### START ###############################
2018-12-19 13:16:29,560 - root - INFO - ###############################  END  ###############################
2018-12-19 13:16:29,562 - root - INFO - ############################### START ###############################
2018-12-19 13:17:10,544 - root - INFO - ###############################  END  ###############################
2018-12-19 13:17:10,545 - root - INFO - ############################### START ###############################
2018-12-19 13:17:39,129 - root - INFO - ###############################  END  ###############################
2018-12-19 13:17:39,131 - root - INFO - ############################### START ###############################
2018-12-19 13:18:04,034 - root - INFO - ###############################  END  ###############################
2018-12-19 13:18:04,037 - root - INFO - ############################### START ###############################
2018-12-19 13:18:33,000 - root - INFO - ###############################  END  ###############################
2018-12-19 13:18:33,001 - root - INFO - ############################### START ###############################
2018-12-19 13:18:58,721 - root - INFO - ###############################  END  ###############################
2018-12-19 13:18:58,723 - root - INFO - ############################### START ###############################
2018-12-19 13:20:07,263 - root - INFO - ###############################  END  ###############################
2018-12-19 13:20:07,265 - root - INFO - ############################### START ###############################
2018-12-19 13:20:38,966 - root - INFO - ###############################  END  ###############################
2018-12-19 13:20:38,968 - root - INFO - ############################### START ###############################
2018-12-19 13:21:31,438 - root - INFO - ###############################  END  ###############################
2018-12-19 13:21:31,440 - root - INFO - ############################### START ###############################
2018-12-19 13:22:16,030 - root - INFO - ###############################  END  ###############################
2018-12-19 13:22:16,032 - root - INFO - ############################### START ###############################
2018-12-19 13:23:04,759 - root - INFO - ###############################  END  ###############################
2018-12-19 13:23:04,761 - root - INFO - ############################### START ###############################
2018-12-19 13:23:30,574 - root - INFO - ###############################  END  ###############################
2018-12-19 13:23:30,576 - root - INFO - ############################### START ###############################
2018-12-19 13:23:55,612 - root - INFO - ###############################  END  ###############################
2018-12-19 13:23:55,613 - root - INFO - ############################### START ###############################
2018-12-19 13:24:29,352 - root - INFO - ###############################  END  ###############################
2018-12-19 13:24:29,354 - root - INFO - ############################### START ###############################
2018-12-19 13:25:02,491 - root - INFO - ###############################  END  ###############################
2018-12-19 13:25:02,493 - root - INFO - ############################### START ###############################
2018-12-19 13:25:57,014 - root - INFO - ###############################  END  ###############################
2018-12-19 13:25:57,016 - root - INFO - ############################### START ###############################
2018-12-19 13:26:35,133 - root - INFO - ###############################  END  ###############################
2018-12-19 13:26:35,136 - root - INFO - ############################### START ###############################
2018-12-19 13:27:09,126 - root - INFO - ###############################  END  ###############################
2018-12-19 13:27:09,127 - root - INFO - ############################### START ###############################
2018-12-19 13:27:44,854 - root - INFO - ###############################  END  ###############################
2018-12-19 13:27:44,856 - root - INFO - ############################### START ###############################
2018-12-19 13:28:28,988 - root - INFO - ###############################  END  ###############################
2018-12-19 13:28:28,990 - root - INFO - ############################### START ###############################
2018-12-19 13:29:01,953 - root - INFO - ###############################  END  ###############################
2018-12-19 13:29:01,955 - root - INFO - ############################### START ###############################
2018-12-19 13:29:34,957 - root - INFO - ###############################  END  ###############################
2018-12-19 13:29:34,958 - root - INFO - ############################### START ###############################
2018-12-19 13:30:49,532 - root - INFO - ###############################  END  ###############################
2018-12-19 13:30:49,534 - root - INFO - ############################### START ###############################
2018-12-19 13:31:28,665 - root - INFO - ###############################  END  ###############################
2018-12-19 13:31:28,667 - root - INFO - ############################### START ###############################
2018-12-19 13:32:23,510 - root - INFO - ###############################  END  ###############################
2018-12-19 13:32:23,512 - root - INFO - ############################### START ###############################
2018-12-19 13:33:11,088 - root - INFO - ###############################  END  ###############################
2018-12-19 13:33:11,090 - root - INFO - ############################### START ###############################
2018-12-19 13:34:00,404 - root - INFO - ###############################  END  ###############################
2018-12-19 13:34:00,405 - root - INFO - ############################### START ###############################
2018-12-19 13:34:45,681 - root - INFO - ###############################  END  ###############################
2018-12-19 13:34:45,683 - root - INFO - ############################### START ###############################
2018-12-19 13:35:32,234 - root - INFO - ###############################  END  ###############################
2018-12-19 13:35:32,236 - root - INFO - ############################### START ###############################
2018-12-19 13:36:11,281 - root - INFO - ###############################  END  ###############################
2018-12-19 13:36:11,283 - root - INFO - ############################### START ###############################
2018-12-19 13:37:18,082 - root - INFO - ###############################  END  ###############################
2018-12-19 13:37:18,084 - root - INFO - ############################### START ###############################
2018-12-19 13:38:06,591 - root - INFO - ###############################  END  ###############################
2018-12-19 13:38:06,593 - root - INFO - ############################### START ###############################
2018-12-19 13:38:47,263 - root - INFO - ###############################  END  ###############################
2018-12-19 13:38:47,265 - root - INFO - ############################### START ###############################
2018-12-19 13:39:25,723 - root - INFO - ###############################  END  ###############################
2018-12-19 13:39:25,725 - root - INFO - ############################### START ###############################
2018-12-19 13:40:02,285 - root - INFO - ###############################  END  ###############################
2018-12-19 13:40:02,287 - root - INFO - ############################### START ###############################
2018-12-19 13:40:47,132 - root - INFO - ###############################  END  ###############################
2018-12-19 13:40:47,134 - root - INFO - ############################### START ###############################
2018-12-19 13:41:27,160 - root - INFO - ###############################  END  ###############################
2018-12-19 13:41:27,162 - root - INFO - ############################### START ###############################
2018-12-19 13:42:03,357 - root - INFO - ###############################  END  ###############################
2018-12-19 13:42:03,359 - root - INFO - ############################### START ###############################
2018-12-19 13:42:44,685 - root - INFO - ###############################  END  ###############################
2018-12-19 13:42:44,686 - root - INFO - ############################### START ###############################
2018-12-19 13:43:25,743 - root - INFO - ###############################  END  ###############################
2018-12-19 13:43:25,745 - root - INFO - ############################### START ###############################
2018-12-19 13:44:05,021 - root - INFO - ###############################  END  ###############################
2018-12-19 13:44:05,022 - root - INFO - ############################### START ###############################
2018-12-19 13:44:54,422 - root - INFO - ###############################  END  ###############################
2018-12-19 13:44:54,424 - root - INFO - ############################### START ###############################
2018-12-19 13:45:35,734 - root - INFO - ###############################  END  ###############################
2018-12-19 13:45:35,735 - root - INFO - ############################### START ###############################
2018-12-19 13:46:07,120 - root - INFO - ###############################  END  ###############################
2018-12-19 13:46:07,122 - root - INFO - ############################### START ###############################
2018-12-19 13:46:42,547 - root - INFO - ###############################  END  ###############################
2018-12-19 13:46:42,549 - root - INFO - ############################### START ###############################
2018-12-19 13:47:36,781 - root - INFO - ###############################  END  ###############################
2018-12-19 13:47:36,783 - root - INFO - ############################### START ###############################
2018-12-19 13:48:36,337 - root - INFO - ###############################  END  ###############################
2018-12-19 13:48:36,339 - root - INFO - ############################### START ###############################
2018-12-19 13:49:28,018 - root - INFO - ###############################  END  ###############################
2018-12-19 13:49:28,020 - root - INFO - ############################### START ###############################
2018-12-19 13:50:19,149 - root - INFO - ###############################  END  ###############################
2018-12-19 13:50:19,151 - root - INFO - ############################### START ###############################
2018-12-19 13:51:14,083 - root - INFO - ###############################  END  ###############################
2018-12-19 13:51:14,085 - root - INFO - ############################### START ###############################
2018-12-19 13:52:06,364 - root - INFO - ###############################  END  ###############################
2018-12-19 13:52:06,366 - root - INFO - ############################### START ###############################
2018-12-19 13:53:08,487 - root - INFO - ###############################  END  ###############################
2018-12-19 13:53:18,545 - root - INFO - 发送邮件成功
2018-12-19 13:55:24,899 - root - INFO - ############################### START ###############################
2018-12-19 13:57:07,253 - root - INFO - ###############################  END  ###############################
2018-12-19 14:00:13,632 - root - INFO - ############################### START ###############################
2018-12-19 14:01:17,031 - root - INFO - ############################### START ###############################
2018-12-19 14:02:12,276 - root - INFO - ###############################  END  ###############################
2018-12-19 14:04:26,979 - root - INFO - ############################### START ###############################
2018-12-19 14:04:56,459 - root - INFO - ###############################  END  ###############################
2018-12-19 14:07:37,074 - root - INFO - ############################### START ###############################
2018-12-19 14:08:29,971 - root - INFO - ###############################  END  ###############################
2018-12-19 14:15:02,598 - root - INFO - ############################### START ###############################
2018-12-19 14:15:54,311 - root - INFO - ###############################  END  ###############################
