2018-10-31 09:52:19,217 - root - INFO - ############################### START ###############################
2018-10-31 09:53:15,338 - root - INFO - ###############################  END  ###############################
2018-10-31 09:56:09,726 - root - INFO - ############################### START ###############################
2018-10-31 11:22:17,560 - root - INFO - ############################### START ###############################
2018-10-31 11:22:59,180 - root - INFO - ###############################  END  ###############################
2018-10-31 12:00:00,420 - root - INFO - ############################### START ###############################
2018-10-31 12:00:37,765 - root - INFO - ###############################  END  ###############################
2018-10-31 12:00:37,767 - root - INFO - ############################### START ###############################
2018-10-31 12:01:25,139 - root - INFO - ###############################  END  ###############################
2018-10-31 12:01:25,141 - root - INFO - ############################### START ###############################
2018-10-31 12:02:25,856 - root - INFO - ###############################  END  ###############################
2018-10-31 12:02:25,857 - root - INFO - ############################### START ###############################
2018-10-31 12:03:02,704 - root - INFO - ###############################  END  ###############################
2018-10-31 12:03:02,704 - root - INFO - ############################### START ###############################
2018-10-31 12:03:36,009 - root - INFO - ###############################  END  ###############################
2018-10-31 12:03:36,010 - root - INFO - ############################### START ###############################
2018-10-31 12:04:12,345 - root - INFO - ###############################  END  ###############################
2018-10-31 12:04:12,347 - root - INFO - ############################### START ###############################
2018-10-31 12:04:53,423 - root - INFO - ###############################  END  ###############################
2018-10-31 12:04:53,424 - root - INFO - ############################### START ###############################
2018-10-31 12:05:39,124 - root - INFO - ###############################  END  ###############################
2018-10-31 12:05:39,126 - root - INFO - ############################### START ###############################
2018-10-31 12:06:05,712 - root - INFO - ###############################  END  ###############################
2018-10-31 12:06:05,713 - root - INFO - ############################### START ###############################
2018-10-31 12:06:30,728 - root - INFO - ###############################  END  ###############################
2018-10-31 12:06:30,729 - root - INFO - ############################### START ###############################
2018-10-31 12:06:55,697 - root - INFO - ###############################  END  ###############################
2018-10-31 12:06:55,698 - root - INFO - ############################### START ###############################
2018-10-31 12:07:20,417 - root - INFO - ###############################  END  ###############################
2018-10-31 12:07:20,419 - root - INFO - ############################### START ###############################
2018-10-31 12:08:00,563 - root - INFO - ###############################  END  ###############################
2018-10-31 12:08:00,564 - root - INFO - ############################### START ###############################
2018-10-31 12:08:32,304 - root - INFO - ###############################  END  ###############################
2018-10-31 12:08:32,306 - root - INFO - ############################### START ###############################
2018-10-31 12:09:04,943 - root - INFO - ###############################  END  ###############################
2018-10-31 12:09:04,944 - root - INFO - ############################### START ###############################
2018-10-31 12:10:23,873 - root - INFO - ###############################  END  ###############################
2018-10-31 12:10:23,874 - root - INFO - ############################### START ###############################
2018-10-31 12:11:37,638 - root - INFO - ###############################  END  ###############################
2018-10-31 12:11:37,639 - root - INFO - ############################### START ###############################
2018-10-31 12:12:23,732 - root - INFO - ###############################  END  ###############################
2018-10-31 12:12:23,734 - root - INFO - ############################### START ###############################
2018-10-31 12:13:03,817 - root - INFO - ###############################  END  ###############################
2018-10-31 12:13:03,817 - root - INFO - ############################### START ###############################
2018-10-31 12:13:46,187 - root - INFO - ###############################  END  ###############################
2018-10-31 12:13:46,188 - root - INFO - ############################### START ###############################
2018-10-31 12:14:30,176 - root - INFO - ###############################  END  ###############################
2018-10-31 12:14:30,177 - root - INFO - ############################### START ###############################
2018-10-31 12:15:04,331 - root - INFO - ###############################  END  ###############################
2018-10-31 12:15:04,334 - root - INFO - ############################### START ###############################
2018-10-31 12:15:38,492 - root - INFO - ###############################  END  ###############################
2018-10-31 12:15:38,494 - root - INFO - ############################### START ###############################
2018-10-31 12:17:05,842 - root - INFO - ###############################  END  ###############################
2018-10-31 12:17:05,844 - root - INFO - ############################### START ###############################
2018-10-31 12:17:52,217 - root - INFO - ###############################  END  ###############################
2018-10-31 12:17:52,218 - root - INFO - ############################### START ###############################
2018-10-31 12:18:38,317 - root - INFO - ###############################  END  ###############################
2018-10-31 12:18:38,319 - root - INFO - ############################### START ###############################
2018-10-31 12:19:11,885 - root - INFO - ###############################  END  ###############################
2018-10-31 12:19:11,886 - root - INFO - ############################### START ###############################
2018-10-31 12:19:53,964 - root - INFO - ###############################  END  ###############################
2018-10-31 12:19:53,966 - root - INFO - ############################### START ###############################
2018-10-31 12:21:06,981 - root - INFO - ###############################  END  ###############################
2018-10-31 12:21:06,985 - root - INFO - ############################### START ###############################
2018-10-31 12:22:04,699 - root - INFO - ###############################  END  ###############################
2018-10-31 12:22:04,702 - root - INFO - ############################### START ###############################
2018-10-31 12:22:34,220 - root - INFO - ###############################  END  ###############################
2018-10-31 12:22:34,222 - root - INFO - ############################### START ###############################
2018-10-31 12:23:36,611 - root - INFO - ###############################  END  ###############################
2018-10-31 12:23:36,612 - root - INFO - ############################### START ###############################
2018-10-31 12:24:35,499 - root - INFO - ###############################  END  ###############################
2018-10-31 12:24:35,501 - root - INFO - ############################### START ###############################
2018-10-31 12:25:45,915 - root - INFO - ###############################  END  ###############################
2018-10-31 12:25:45,917 - root - INFO - ############################### START ###############################
2018-10-31 12:26:36,131 - root - INFO - ###############################  END  ###############################
2018-10-31 12:26:36,133 - root - INFO - ############################### START ###############################
2018-10-31 12:27:25,456 - root - INFO - ###############################  END  ###############################
2018-10-31 12:27:25,457 - root - INFO - ############################### START ###############################
2018-10-31 12:28:15,395 - root - INFO - ###############################  END  ###############################
2018-10-31 12:28:15,396 - root - INFO - ############################### START ###############################
2018-10-31 12:28:52,108 - root - INFO - ###############################  END  ###############################
2018-10-31 12:28:52,109 - root - INFO - ############################### START ###############################
2018-10-31 12:29:26,952 - root - INFO - ###############################  END  ###############################
2018-10-31 12:29:26,954 - root - INFO - ############################### START ###############################
2018-10-31 12:30:05,919 - root - INFO - ###############################  END  ###############################
2018-10-31 12:30:05,921 - root - INFO - ############################### START ###############################
2018-10-31 12:30:43,389 - root - INFO - ###############################  END  ###############################
2018-10-31 12:30:43,391 - root - INFO - ############################### START ###############################
2018-10-31 12:31:18,206 - root - INFO - ###############################  END  ###############################
2018-10-31 12:31:18,207 - root - INFO - ############################### START ###############################
2018-10-31 12:31:54,601 - root - INFO - ###############################  END  ###############################
2018-10-31 12:31:54,602 - root - INFO - ############################### START ###############################
2018-10-31 12:32:18,560 - root - INFO - ###############################  END  ###############################
2018-10-31 12:32:18,562 - root - INFO - ############################### START ###############################
2018-10-31 12:32:51,799 - root - INFO - ###############################  END  ###############################
2018-10-31 12:32:51,801 - root - INFO - ############################### START ###############################
2018-10-31 12:33:30,910 - root - INFO - ###############################  END  ###############################
2018-10-31 12:33:30,912 - root - INFO - ############################### START ###############################
2018-10-31 12:33:49,693 - root - INFO - ###############################  END  ###############################
2018-10-31 12:33:49,695 - root - INFO - ############################### START ###############################
2018-10-31 12:34:22,589 - root - INFO - ###############################  END  ###############################
2018-10-31 12:34:22,589 - root - INFO - ############################### START ###############################
2018-10-31 12:34:51,085 - root - INFO - ###############################  END  ###############################
2018-10-31 12:34:51,086 - root - INFO - ############################### START ###############################
2018-10-31 12:35:16,141 - root - INFO - ###############################  END  ###############################
2018-10-31 12:35:16,143 - root - INFO - ############################### START ###############################
2018-10-31 12:35:45,177 - root - INFO - ###############################  END  ###############################
2018-10-31 12:35:45,179 - root - INFO - ############################### START ###############################
2018-10-31 12:36:14,868 - root - INFO - ###############################  END  ###############################
2018-10-31 12:36:14,870 - root - INFO - ############################### START ###############################
2018-10-31 12:36:40,125 - root - INFO - ###############################  END  ###############################
2018-10-31 12:36:40,126 - root - INFO - ############################### START ###############################
2018-10-31 12:37:33,462 - root - INFO - ###############################  END  ###############################
2018-10-31 12:37:33,464 - root - INFO - ############################### START ###############################
2018-10-31 12:38:29,709 - root - INFO - ###############################  END  ###############################
2018-10-31 12:38:29,711 - root - INFO - ############################### START ###############################
2018-10-31 12:39:24,329 - root - INFO - ###############################  END  ###############################
2018-10-31 12:39:24,332 - root - INFO - ############################### START ###############################
2018-10-31 12:39:59,329 - root - INFO - ###############################  END  ###############################
2018-10-31 12:39:59,330 - root - INFO - ############################### START ###############################
2018-10-31 12:40:50,318 - root - INFO - ###############################  END  ###############################
2018-10-31 12:40:50,319 - root - INFO - ############################### START ###############################
2018-10-31 12:41:15,889 - root - INFO - ###############################  END  ###############################
2018-10-31 12:41:15,891 - root - INFO - ############################### START ###############################
2018-10-31 12:41:42,388 - root - INFO - ###############################  END  ###############################
2018-10-31 12:41:42,390 - root - INFO - ############################### START ###############################
2018-10-31 12:42:41,629 - root - INFO - ###############################  END  ###############################
2018-10-31 12:42:41,631 - root - INFO - ############################### START ###############################
2018-10-31 12:43:22,605 - root - INFO - ###############################  END  ###############################
2018-10-31 12:43:22,607 - root - INFO - ############################### START ###############################
2018-10-31 12:44:04,044 - root - INFO - ###############################  END  ###############################
2018-10-31 12:44:04,046 - root - INFO - ############################### START ###############################
2018-10-31 12:45:05,417 - root - INFO - ###############################  END  ###############################
2018-10-31 12:45:05,418 - root - INFO - ############################### START ###############################
2018-10-31 12:45:42,053 - root - INFO - ###############################  END  ###############################
2018-10-31 12:45:42,055 - root - INFO - ############################### START ###############################
2018-10-31 12:46:40,228 - root - INFO - ###############################  END  ###############################
2018-10-31 12:46:40,230 - root - INFO - ############################### START ###############################
2018-10-31 12:47:31,799 - root - INFO - ###############################  END  ###############################
2018-10-31 12:47:31,801 - root - INFO - ############################### START ###############################
2018-10-31 12:48:11,877 - root - INFO - ###############################  END  ###############################
2018-10-31 12:48:11,879 - root - INFO - ############################### START ###############################
2018-10-31 12:48:57,916 - root - INFO - ###############################  END  ###############################
2018-10-31 12:48:57,918 - root - INFO - ############################### START ###############################
2018-10-31 12:49:36,416 - root - INFO - ###############################  END  ###############################
2018-10-31 12:49:36,417 - root - INFO - ############################### START ###############################
2018-10-31 12:50:13,367 - root - INFO - ###############################  END  ###############################
2018-10-31 12:50:13,369 - root - INFO - ############################### START ###############################
2018-10-31 12:51:00,904 - root - INFO - ###############################  END  ###############################
2018-10-31 12:51:00,906 - root - INFO - ############################### START ###############################
2018-10-31 12:51:45,666 - root - INFO - ###############################  END  ###############################
2018-10-31 12:51:45,668 - root - INFO - ############################### START ###############################
2018-10-31 12:52:22,799 - root - INFO - ###############################  END  ###############################
2018-10-31 12:52:22,800 - root - INFO - ############################### START ###############################
2018-10-31 12:53:04,783 - root - INFO - ###############################  END  ###############################
2018-10-31 12:53:04,785 - root - INFO - ############################### START ###############################
2018-10-31 12:53:47,050 - root - INFO - ###############################  END  ###############################
2018-10-31 12:53:47,052 - root - INFO - ############################### START ###############################
2018-10-31 12:55:10,135 - root - INFO - ###############################  END  ###############################
2018-10-31 12:55:10,137 - root - INFO - ############################### START ###############################
2018-10-31 12:55:42,712 - root - INFO - ###############################  END  ###############################
2018-10-31 12:55:42,713 - root - INFO - ############################### START ###############################
2018-10-31 12:56:16,158 - root - INFO - ###############################  END  ###############################
2018-10-31 12:56:16,160 - root - INFO - ############################### START ###############################
2018-10-31 12:56:55,704 - root - INFO - ###############################  END  ###############################
2018-10-31 12:56:55,706 - root - INFO - ############################### START ###############################
2018-10-31 12:57:29,158 - root - INFO - ###############################  END  ###############################
2018-10-31 12:57:29,159 - root - INFO - ############################### START ###############################
2018-10-31 12:58:01,834 - root - INFO - ###############################  END  ###############################
2018-10-31 12:58:01,836 - root - INFO - ############################### START ###############################
2018-10-31 12:58:44,580 - root - INFO - ###############################  END  ###############################
2018-10-31 12:58:44,582 - root - INFO - ############################### START ###############################
2018-10-31 12:59:31,321 - root - INFO - ###############################  END  ###############################
2018-10-31 12:59:31,323 - root - INFO - ############################### START ###############################
2018-10-31 13:00:09,902 - root - INFO - ###############################  END  ###############################
2018-10-31 13:00:09,903 - root - INFO - ############################### START ###############################
2018-10-31 13:00:47,767 - root - INFO - ###############################  END  ###############################
2018-10-31 13:00:47,769 - root - INFO - ############################### START ###############################
2018-10-31 13:01:37,551 - root - INFO - ###############################  END  ###############################
2018-10-31 13:01:37,553 - root - INFO - ############################### START ###############################
2018-10-31 13:02:28,567 - root - INFO - ###############################  END  ###############################
2018-10-31 13:02:28,568 - root - INFO - ############################### START ###############################
2018-10-31 13:03:07,946 - root - INFO - ###############################  END  ###############################
2018-10-31 13:03:07,948 - root - INFO - ############################### START ###############################
2018-10-31 13:03:38,416 - root - INFO - ###############################  END  ###############################
2018-10-31 13:03:38,418 - root - INFO - ############################### START ###############################
2018-10-31 13:04:04,872 - root - INFO - ###############################  END  ###############################
2018-10-31 13:04:04,874 - root - INFO - ############################### START ###############################
2018-10-31 13:04:33,502 - root - INFO - ###############################  END  ###############################
2018-10-31 13:04:33,503 - root - INFO - ############################### START ###############################
2018-10-31 13:05:00,005 - root - INFO - ###############################  END  ###############################
2018-10-31 13:05:00,006 - root - INFO - ############################### START ###############################
2018-10-31 13:05:25,611 - root - INFO - ###############################  END  ###############################
2018-10-31 13:05:25,613 - root - INFO - ############################### START ###############################
2018-10-31 13:05:55,923 - root - INFO - ###############################  END  ###############################
2018-10-31 13:05:55,925 - root - INFO - ############################### START ###############################
2018-10-31 13:06:35,795 - root - INFO - ###############################  END  ###############################
2018-10-31 13:06:35,796 - root - INFO - ############################### START ###############################
2018-10-31 13:07:03,249 - root - INFO - ###############################  END  ###############################
2018-10-31 13:07:03,251 - root - INFO - ############################### START ###############################
2018-10-31 13:07:39,789 - root - INFO - ###############################  END  ###############################
2018-10-31 13:07:39,791 - root - INFO - ############################### START ###############################
2018-10-31 13:08:04,404 - root - INFO - ###############################  END  ###############################
2018-10-31 13:08:04,406 - root - INFO - ############################### START ###############################
2018-10-31 13:09:33,885 - root - INFO - ###############################  END  ###############################
2018-10-31 13:09:33,887 - root - INFO - ############################### START ###############################
2018-10-31 13:09:56,804 - root - INFO - ###############################  END  ###############################
2018-10-31 13:09:56,805 - root - INFO - ############################### START ###############################
2018-10-31 13:10:53,090 - root - INFO - ###############################  END  ###############################
2018-10-31 13:10:53,093 - root - INFO - ############################### START ###############################
2018-10-31 13:11:16,896 - root - INFO - ###############################  END  ###############################
2018-10-31 13:11:16,897 - root - INFO - ############################### START ###############################
2018-10-31 13:11:53,751 - root - INFO - ###############################  END  ###############################
2018-10-31 13:11:53,752 - root - INFO - ############################### START ###############################
2018-10-31 13:12:26,760 - root - INFO - ###############################  END  ###############################
2018-10-31 13:12:26,762 - root - INFO - ############################### START ###############################
2018-10-31 13:13:00,671 - root - INFO - ###############################  END  ###############################
2018-10-31 13:13:00,673 - root - INFO - ############################### START ###############################
2018-10-31 13:13:34,672 - root - INFO - ###############################  END  ###############################
2018-10-31 13:13:34,674 - root - INFO - ############################### START ###############################
2018-10-31 13:14:08,115 - root - INFO - ###############################  END  ###############################
2018-10-31 13:14:08,116 - root - INFO - ############################### START ###############################
2018-10-31 13:14:42,384 - root - INFO - ###############################  END  ###############################
2018-10-31 13:14:42,386 - root - INFO - ############################### START ###############################
2018-10-31 13:15:22,411 - root - INFO - ###############################  END  ###############################
2018-10-31 13:15:22,412 - root - INFO - ############################### START ###############################
2018-10-31 13:16:04,187 - root - INFO - ###############################  END  ###############################
2018-10-31 13:16:04,189 - root - INFO - ############################### START ###############################
2018-10-31 13:16:47,284 - root - INFO - ###############################  END  ###############################
2018-10-31 13:16:47,286 - root - INFO - ############################### START ###############################
2018-10-31 13:17:28,898 - root - INFO - ###############################  END  ###############################
2018-10-31 13:17:28,900 - root - INFO - ############################### START ###############################
2018-10-31 13:18:18,207 - root - INFO - ###############################  END  ###############################
2018-10-31 13:18:18,208 - root - INFO - ############################### START ###############################
2018-10-31 13:19:09,344 - root - INFO - ###############################  END  ###############################
2018-10-31 13:19:09,346 - root - INFO - ############################### START ###############################
2018-10-31 13:19:43,787 - root - INFO - ###############################  END  ###############################
2018-10-31 13:19:43,789 - root - INFO - ############################### START ###############################
2018-10-31 13:20:26,931 - root - INFO - ###############################  END  ###############################
2018-10-31 13:20:26,933 - root - INFO - ############################### START ###############################
2018-10-31 13:21:02,131 - root - INFO - ###############################  END  ###############################
2018-10-31 13:21:02,133 - root - INFO - ############################### START ###############################
2018-10-31 13:21:39,538 - root - INFO - ###############################  END  ###############################
2018-10-31 13:21:39,539 - root - INFO - ############################### START ###############################
2018-10-31 13:22:19,893 - root - INFO - ###############################  END  ###############################
2018-10-31 13:22:19,895 - root - INFO - ############################### START ###############################
2018-10-31 13:23:00,343 - root - INFO - ###############################  END  ###############################
2018-10-31 13:23:00,344 - root - INFO - ############################### START ###############################
2018-10-31 13:23:35,279 - root - INFO - ###############################  END  ###############################
2018-10-31 13:23:35,280 - root - INFO - ############################### START ###############################
2018-10-31 13:24:19,437 - root - INFO - ###############################  END  ###############################
2018-10-31 13:24:19,438 - root - INFO - ############################### START ###############################
2018-10-31 13:25:03,244 - root - INFO - ###############################  END  ###############################
2018-10-31 13:25:03,245 - root - INFO - ############################### START ###############################
2018-10-31 13:25:46,879 - root - INFO - ###############################  END  ###############################
2018-10-31 13:25:46,879 - root - INFO - ############################### START ###############################
2018-10-31 13:26:26,958 - root - INFO - ###############################  END  ###############################
2018-10-31 13:26:26,959 - root - INFO - ############################### START ###############################
2018-10-31 13:27:07,826 - root - INFO - ###############################  END  ###############################
2018-10-31 13:27:07,827 - root - INFO - ############################### START ###############################
2018-10-31 13:27:55,007 - root - INFO - ###############################  END  ###############################
2018-10-31 13:27:55,008 - root - INFO - ############################### START ###############################
2018-10-31 13:28:37,642 - root - INFO - ###############################  END  ###############################
2018-10-31 13:28:37,644 - root - INFO - ############################### START ###############################
2018-10-31 13:29:19,233 - root - INFO - ###############################  END  ###############################
2018-10-31 13:29:19,235 - root - INFO - ############################### START ###############################
2018-10-31 13:29:57,617 - root - INFO - ###############################  END  ###############################
2018-10-31 13:29:57,618 - root - INFO - ############################### START ###############################
2018-10-31 13:30:37,584 - root - INFO - ###############################  END  ###############################
2018-10-31 13:30:37,585 - root - INFO - ############################### START ###############################
2018-10-31 13:31:23,763 - root - INFO - ###############################  END  ###############################
2018-10-31 13:31:23,765 - root - INFO - ############################### START ###############################
2018-10-31 13:32:17,474 - root - INFO - ###############################  END  ###############################
2018-10-31 13:32:17,475 - root - INFO - ############################### START ###############################
2018-10-31 13:33:24,904 - root - INFO - ###############################  END  ###############################
2018-10-31 13:33:24,909 - root - INFO - ############################### START ###############################
2018-10-31 13:34:23,828 - root - INFO - ###############################  END  ###############################
2018-10-31 13:34:23,829 - root - INFO - ############################### START ###############################
2018-10-31 13:35:15,844 - root - INFO - ###############################  END  ###############################
2018-10-31 13:35:20,137 - root - INFO - 发送邮件成功
2018-10-31 14:18:12,401 - root - INFO - ############################### START ###############################
2018-10-31 14:18:49,233 - root - INFO - ############################### START ###############################
2018-10-31 14:19:17,149 - root - INFO - ###############################  END  ###############################
2018-10-31 16:36:50,084 - root - INFO - ############################### START ###############################
2018-10-31 16:41:58,089 - root - INFO - ###############################  END  ###############################
2018-10-31 16:43:22,384 - root - INFO - ############################### START ###############################
2018-10-31 16:44:58,809 - root - INFO - ###############################  END  ###############################
2018-10-31 16:45:10,404 - root - INFO - ############################### START ###############################
2018-10-31 16:46:07,029 - root - INFO - ###############################  END  ###############################
2018-10-31 16:46:11,964 - root - INFO - ############################### START ###############################
2018-10-31 16:48:49,394 - root - INFO - ############################### START ###############################
2018-10-31 16:50:03,198 - root - INFO - ###############################  END  ###############################
2018-10-31 16:50:43,362 - root - INFO - ############################### START ###############################
2018-10-31 16:51:37,822 - root - INFO - ###############################  END  ###############################
2018-10-31 16:56:00,008 - root - INFO - ############################### START ###############################
2018-10-31 16:57:33,934 - root - INFO - ###############################  END  ###############################
2018-10-31 17:19:32,738 - root - INFO - ############################### START ###############################
2018-10-31 17:20:42,137 - root - INFO - ###############################  END  ###############################
2018-10-31 17:24:46,477 - root - INFO - ############################### START ###############################
2018-10-31 17:25:24,030 - root - INFO - ###############################  END  ###############################
2018-10-31 17:28:15,466 - root - INFO - ############################### START ###############################
2018-10-31 17:28:49,443 - root - INFO - ###############################  END  ###############################
2018-10-31 17:30:53,757 - root - INFO - ############################### START ###############################
2018-10-31 17:31:25,896 - root - INFO - ###############################  END  ###############################
2018-10-31 17:35:33,084 - root - INFO - ############################### START ###############################
2018-10-31 17:36:55,667 - root - INFO - ############################### START ###############################
2018-10-31 17:41:14,425 - root - INFO - ###############################  END  ###############################
2018-10-31 17:44:40,528 - root - INFO - ############################### START ###############################
2018-10-31 17:48:51,677 - root - INFO - ############################### START ###############################
2018-10-31 17:49:59,207 - root - INFO - ###############################  END  ###############################
2018-10-31 17:50:28,648 - root - INFO - ############################### START ###############################
2018-10-31 17:53:08,343 - root - INFO - ############################### START ###############################
2018-10-31 17:54:26,204 - root - INFO - ###############################  END  ###############################
2018-10-31 17:54:35,598 - root - INFO - ############################### START ###############################
2018-10-31 17:55:19,490 - root - INFO - ###############################  END  ###############################
2018-10-31 17:55:50,740 - root - INFO - ############################### START ###############################
2018-10-31 17:56:37,915 - root - INFO - ###############################  END  ###############################
2018-10-31 17:56:40,616 - root - INFO - ############################### START ###############################
2018-10-31 17:57:45,353 - root - INFO - ############################### START ###############################
2018-10-31 17:59:08,018 - root - INFO - ###############################  END  ###############################
2018-10-31 18:12:41,800 - root - DEBUG - ############################### START ###############################
2018-10-31 18:13:50,246 - root - DEBUG - ############################### START ###############################
2018-10-31 18:14:36,693 - root - DEBUG - ###############################  END  ###############################
2018-10-31 18:15:42,835 - root - DEBUG - ############################### START ###############################
2018-10-31 18:20:50,717 - root - DEBUG - ###############################  END  ###############################
2018-10-31 18:23:40,160 - root - DEBUG - ############################### START ###############################
2018-10-31 18:24:23,476 - root - DEBUG - ###############################  END  ###############################
2018-10-31 18:26:54,669 - root - DEBUG - ############################### START ###############################
2018-10-31 18:28:02,359 - root - DEBUG - ###############################  END  ###############################
2018-10-31 18:30:30,911 - root - INFO - ############################### START ###############################
2018-10-31 18:31:27,368 - root - INFO - ###############################  END  ###############################
2018-10-31 18:32:47,159 - root - INFO - ############################### START ###############################
2018-10-31 18:33:29,976 - root - INFO - ###############################  END  ###############################
2018-10-31 22:00:00,706 - root - INFO - ############################### START ###############################
2018-10-31 22:00:32,188 - root - INFO - ###############################  END  ###############################
2018-10-31 22:00:32,190 - root - INFO - ############################### START ###############################
2018-10-31 22:01:06,886 - root - INFO - ###############################  END  ###############################
2018-10-31 22:01:06,888 - root - INFO - ############################### START ###############################
2018-10-31 22:01:40,441 - root - INFO - ###############################  END  ###############################
2018-10-31 22:01:40,443 - root - INFO - ############################### START ###############################
2018-10-31 22:02:11,424 - root - INFO - ###############################  END  ###############################
2018-10-31 22:02:11,425 - root - INFO - ############################### START ###############################
2018-10-31 22:02:41,889 - root - INFO - ###############################  END  ###############################
2018-10-31 22:02:41,891 - root - INFO - ############################### START ###############################
2018-10-31 22:03:11,921 - root - INFO - ###############################  END  ###############################
2018-10-31 22:03:11,923 - root - INFO - ############################### START ###############################
2018-10-31 22:03:43,780 - root - INFO - ###############################  END  ###############################
2018-10-31 22:03:43,781 - root - INFO - ############################### START ###############################
2018-10-31 22:04:14,501 - root - INFO - ###############################  END  ###############################
2018-10-31 22:04:14,503 - root - INFO - ############################### START ###############################
2018-10-31 22:04:38,996 - root - INFO - ###############################  END  ###############################
2018-10-31 22:04:38,997 - root - INFO - ############################### START ###############################
2018-10-31 22:05:02,511 - root - INFO - ###############################  END  ###############################
2018-10-31 22:05:02,512 - root - INFO - ############################### START ###############################
2018-10-31 22:05:25,511 - root - INFO - ###############################  END  ###############################
2018-10-31 22:05:25,512 - root - INFO - ############################### START ###############################
2018-10-31 22:05:48,909 - root - INFO - ###############################  END  ###############################
2018-10-31 22:05:48,911 - root - INFO - ############################### START ###############################
2018-10-31 22:06:20,643 - root - INFO - ###############################  END  ###############################
2018-10-31 22:06:20,645 - root - INFO - ############################### START ###############################
2018-10-31 22:06:47,647 - root - INFO - ###############################  END  ###############################
2018-10-31 22:06:47,649 - root - INFO - ############################### START ###############################
2018-10-31 22:07:18,439 - root - INFO - ###############################  END  ###############################
2018-10-31 22:07:18,441 - root - INFO - ############################### START ###############################
2018-10-31 22:07:53,816 - root - INFO - ###############################  END  ###############################
2018-10-31 22:07:53,818 - root - INFO - ############################### START ###############################
2018-10-31 22:08:29,072 - root - INFO - ###############################  END  ###############################
2018-10-31 22:08:29,074 - root - INFO - ############################### START ###############################
2018-10-31 22:09:03,014 - root - INFO - ###############################  END  ###############################
2018-10-31 22:09:03,016 - root - INFO - ############################### START ###############################
2018-10-31 22:09:37,700 - root - INFO - ###############################  END  ###############################
2018-10-31 22:09:37,702 - root - INFO - ############################### START ###############################
2018-10-31 22:10:14,421 - root - INFO - ###############################  END  ###############################
2018-10-31 22:10:14,422 - root - INFO - ############################### START ###############################
2018-10-31 22:10:53,100 - root - INFO - ###############################  END  ###############################
2018-10-31 22:10:53,102 - root - INFO - ############################### START ###############################
2018-10-31 22:11:25,705 - root - INFO - ###############################  END  ###############################
2018-10-31 22:11:25,707 - root - INFO - ############################### START ###############################
2018-10-31 22:11:57,925 - root - INFO - ###############################  END  ###############################
2018-10-31 22:11:57,927 - root - INFO - ############################### START ###############################
2018-10-31 22:13:24,265 - root - INFO - ###############################  END  ###############################
2018-10-31 22:13:24,311 - root - INFO - ############################### START ###############################
2018-10-31 22:14:08,116 - root - INFO - ###############################  END  ###############################
2018-10-31 22:14:08,117 - root - INFO - ############################### START ###############################
2018-10-31 22:14:50,943 - root - INFO - ###############################  END  ###############################
2018-10-31 22:14:50,945 - root - INFO - ############################### START ###############################
2018-10-31 22:15:20,070 - root - INFO - ###############################  END  ###############################
2018-10-31 22:15:20,072 - root - INFO - ############################### START ###############################
2018-10-31 22:15:56,858 - root - INFO - ###############################  END  ###############################
2018-10-31 22:15:56,860 - root - INFO - ############################### START ###############################
2018-10-31 22:16:54,640 - root - INFO - ###############################  END  ###############################
2018-10-31 22:16:54,646 - root - INFO - ############################### START ###############################
2018-10-31 22:17:46,797 - root - INFO - ###############################  END  ###############################
2018-10-31 22:17:46,842 - root - INFO - ############################### START ###############################
2018-10-31 22:18:12,520 - root - INFO - ###############################  END  ###############################
2018-10-31 22:18:12,522 - root - INFO - ############################### START ###############################
2018-10-31 22:19:07,157 - root - INFO - ###############################  END  ###############################
2018-10-31 22:19:07,160 - root - INFO - ############################### START ###############################
2018-10-31 22:20:01,141 - root - INFO - ###############################  END  ###############################
2018-10-31 22:20:01,143 - root - INFO - ############################### START ###############################
2018-10-31 22:20:45,104 - root - INFO - ###############################  END  ###############################
2018-10-31 22:20:45,106 - root - INFO - ############################### START ###############################
2018-10-31 22:21:34,377 - root - INFO - ###############################  END  ###############################
2018-10-31 22:21:34,379 - root - INFO - ############################### START ###############################
2018-10-31 22:22:21,648 - root - INFO - ###############################  END  ###############################
2018-10-31 22:22:21,650 - root - INFO - ############################### START ###############################
2018-10-31 22:23:12,326 - root - INFO - ###############################  END  ###############################
2018-10-31 22:23:12,327 - root - INFO - ############################### START ###############################
2018-10-31 22:23:44,724 - root - INFO - ###############################  END  ###############################
2018-10-31 22:23:44,726 - root - INFO - ############################### START ###############################
2018-10-31 22:24:17,869 - root - INFO - ###############################  END  ###############################
2018-10-31 22:24:17,870 - root - INFO - ############################### START ###############################
2018-10-31 22:24:52,269 - root - INFO - ###############################  END  ###############################
2018-10-31 22:24:52,271 - root - INFO - ############################### START ###############################
2018-10-31 22:25:25,444 - root - INFO - ###############################  END  ###############################
2018-10-31 22:25:25,446 - root - INFO - ############################### START ###############################
2018-10-31 22:25:57,487 - root - INFO - ###############################  END  ###############################
2018-10-31 22:25:57,488 - root - INFO - ############################### START ###############################
2018-10-31 22:26:29,954 - root - INFO - ###############################  END  ###############################
2018-10-31 22:26:29,956 - root - INFO - ############################### START ###############################
2018-10-31 22:26:53,287 - root - INFO - ###############################  END  ###############################
2018-10-31 22:26:53,288 - root - INFO - ############################### START ###############################
2018-10-31 22:27:22,847 - root - INFO - ###############################  END  ###############################
2018-10-31 22:27:22,849 - root - INFO - ############################### START ###############################
2018-10-31 22:27:52,320 - root - INFO - ###############################  END  ###############################
2018-10-31 22:27:52,321 - root - INFO - ############################### START ###############################
2018-10-31 22:28:09,930 - root - INFO - ###############################  END  ###############################
2018-10-31 22:28:09,931 - root - INFO - ############################### START ###############################
2018-10-31 22:28:32,370 - root - INFO - ###############################  END  ###############################
2018-10-31 22:28:32,372 - root - INFO - ############################### START ###############################
2018-10-31 22:28:56,242 - root - INFO - ###############################  END  ###############################
2018-10-31 22:28:56,244 - root - INFO - ############################### START ###############################
2018-10-31 22:29:21,784 - root - INFO - ###############################  END  ###############################
2018-10-31 22:29:21,785 - root - INFO - ############################### START ###############################
2018-10-31 22:29:44,794 - root - INFO - ###############################  END  ###############################
2018-10-31 22:29:44,795 - root - INFO - ############################### START ###############################
2018-10-31 22:30:09,447 - root - INFO - ###############################  END  ###############################
2018-10-31 22:30:09,447 - root - INFO - ############################### START ###############################
2018-10-31 22:30:32,254 - root - INFO - ###############################  END  ###############################
2018-10-31 22:30:32,255 - root - INFO - ############################### START ###############################
2018-10-31 22:31:25,032 - root - INFO - ###############################  END  ###############################
2018-10-31 22:31:25,033 - root - INFO - ############################### START ###############################
2018-10-31 22:31:49,539 - root - INFO - ###############################  END  ###############################
2018-10-31 22:31:49,541 - root - INFO - ############################### START ###############################
2018-10-31 22:32:18,227 - root - INFO - ###############################  END  ###############################
2018-10-31 22:32:18,228 - root - INFO - ############################### START ###############################
2018-10-31 22:32:42,288 - root - INFO - ###############################  END  ###############################
2018-10-31 22:32:42,289 - root - INFO - ############################### START ###############################
2018-10-31 22:33:36,236 - root - INFO - ###############################  END  ###############################
2018-10-31 22:33:36,239 - root - INFO - ############################### START ###############################
2018-10-31 22:34:07,453 - root - INFO - ###############################  END  ###############################
2018-10-31 22:34:07,454 - root - INFO - ############################### START ###############################
2018-10-31 22:34:33,031 - root - INFO - ###############################  END  ###############################
2018-10-31 22:34:33,033 - root - INFO - ############################### START ###############################
2018-10-31 22:35:01,851 - root - INFO - ###############################  END  ###############################
2018-10-31 22:35:01,853 - root - INFO - ############################### START ###############################
2018-10-31 22:35:35,454 - root - INFO - ###############################  END  ###############################
2018-10-31 22:35:35,455 - root - INFO - ############################### START ###############################
2018-10-31 22:36:08,595 - root - INFO - ###############################  END  ###############################
2018-10-31 22:36:08,596 - root - INFO - ############################### START ###############################
2018-10-31 22:36:39,504 - root - INFO - ###############################  END  ###############################
2018-10-31 22:36:39,505 - root - INFO - ############################### START ###############################
2018-10-31 22:37:11,798 - root - INFO - ###############################  END  ###############################
2018-10-31 22:37:11,800 - root - INFO - ############################### START ###############################
2018-10-31 22:37:45,870 - root - INFO - ###############################  END  ###############################
2018-10-31 22:37:45,872 - root - INFO - ############################### START ###############################
2018-10-31 22:38:20,326 - root - INFO - ###############################  END  ###############################
2018-10-31 22:38:20,327 - root - INFO - ############################### START ###############################
2018-10-31 22:38:53,553 - root - INFO - ###############################  END  ###############################
2018-10-31 22:38:53,554 - root - INFO - ############################### START ###############################
2018-10-31 22:39:27,279 - root - INFO - ###############################  END  ###############################
2018-10-31 22:39:27,280 - root - INFO - ############################### START ###############################
2018-10-31 22:40:04,379 - root - INFO - ###############################  END  ###############################
2018-10-31 22:40:04,380 - root - INFO - ############################### START ###############################
2018-10-31 22:40:44,282 - root - INFO - ###############################  END  ###############################
2018-10-31 22:40:44,284 - root - INFO - ############################### START ###############################
2018-10-31 22:41:18,661 - root - INFO - ###############################  END  ###############################
2018-10-31 22:41:18,663 - root - INFO - ############################### START ###############################
2018-10-31 22:41:53,209 - root - INFO - ###############################  END  ###############################
2018-10-31 22:41:53,211 - root - INFO - ############################### START ###############################
2018-10-31 22:42:29,330 - root - INFO - ###############################  END  ###############################
2018-10-31 22:42:29,332 - root - INFO - ############################### START ###############################
2018-10-31 22:43:01,625 - root - INFO - ###############################  END  ###############################
2018-10-31 22:43:01,627 - root - INFO - ############################### START ###############################
2018-10-31 22:43:35,689 - root - INFO - ###############################  END  ###############################
2018-10-31 22:43:35,690 - root - INFO - ############################### START ###############################
2018-10-31 22:44:08,521 - root - INFO - ###############################  END  ###############################
2018-10-31 22:44:08,523 - root - INFO - ############################### START ###############################
2018-10-31 22:44:38,617 - root - INFO - ###############################  END  ###############################
2018-10-31 22:44:38,618 - root - INFO - ############################### START ###############################
2018-10-31 22:45:09,162 - root - INFO - ###############################  END  ###############################
2018-10-31 22:45:09,164 - root - INFO - ############################### START ###############################
2018-10-31 22:45:51,699 - root - INFO - ###############################  END  ###############################
2018-10-31 22:45:51,701 - root - INFO - ############################### START ###############################
2018-10-31 22:46:31,672 - root - INFO - ###############################  END  ###############################
2018-10-31 22:46:31,673 - root - INFO - ############################### START ###############################
2018-10-31 22:47:03,774 - root - INFO - ###############################  END  ###############################
2018-10-31 22:47:03,776 - root - INFO - ############################### START ###############################
2018-10-31 22:47:35,553 - root - INFO - ###############################  END  ###############################
2018-10-31 22:47:35,555 - root - INFO - ############################### START ###############################
2018-10-31 22:48:09,469 - root - INFO - ###############################  END  ###############################
2018-10-31 22:48:09,471 - root - INFO - ############################### START ###############################
2018-10-31 22:48:43,364 - root - INFO - ###############################  END  ###############################
2018-10-31 22:48:43,365 - root - INFO - ############################### START ###############################
2018-10-31 22:49:25,253 - root - INFO - ###############################  END  ###############################
2018-10-31 22:49:25,255 - root - INFO - ############################### START ###############################
2018-10-31 22:49:51,361 - root - INFO - ###############################  END  ###############################
2018-10-31 22:49:51,363 - root - INFO - ############################### START ###############################
2018-10-31 22:50:14,078 - root - INFO - ###############################  END  ###############################
2018-10-31 22:50:14,080 - root - INFO - ############################### START ###############################
2018-10-31 22:50:43,359 - root - INFO - ###############################  END  ###############################
2018-10-31 22:50:43,361 - root - INFO - ############################### START ###############################
2018-10-31 22:51:09,096 - root - INFO - ###############################  END  ###############################
2018-10-31 22:51:09,098 - root - INFO - ############################### START ###############################
2018-10-31 22:51:39,544 - root - INFO - ###############################  END  ###############################
2018-10-31 22:51:39,546 - root - INFO - ############################### START ###############################
2018-10-31 22:52:02,455 - root - INFO - ###############################  END  ###############################
2018-10-31 22:52:02,457 - root - INFO - ############################### START ###############################
2018-10-31 22:52:28,549 - root - INFO - ###############################  END  ###############################
2018-10-31 22:52:28,551 - root - INFO - ############################### START ###############################
2018-10-31 22:53:03,545 - root - INFO - ###############################  END  ###############################
2018-10-31 22:53:03,549 - root - INFO - ############################### START ###############################
2018-10-31 22:53:31,446 - root - INFO - ###############################  END  ###############################
2018-10-31 22:53:31,448 - root - INFO - ############################### START ###############################
2018-10-31 22:53:54,196 - root - INFO - ###############################  END  ###############################
2018-10-31 22:53:54,197 - root - INFO - ############################### START ###############################
2018-10-31 22:54:17,319 - root - INFO - ###############################  END  ###############################
2018-10-31 22:54:17,320 - root - INFO - ############################### START ###############################
2018-10-31 22:54:42,058 - root - INFO - ###############################  END  ###############################
2018-10-31 22:54:42,060 - root - INFO - ############################### START ###############################
2018-10-31 22:55:07,973 - root - INFO - ###############################  END  ###############################
2018-10-31 22:55:07,975 - root - INFO - ############################### START ###############################
2018-10-31 22:56:02,994 - root - INFO - ###############################  END  ###############################
2018-10-31 22:56:02,997 - root - INFO - ############################### START ###############################
2018-10-31 22:56:25,701 - root - INFO - ###############################  END  ###############################
2018-10-31 22:56:25,703 - root - INFO - ############################### START ###############################
2018-10-31 22:56:57,477 - root - INFO - ###############################  END  ###############################
2018-10-31 22:56:57,478 - root - INFO - ############################### START ###############################
2018-10-31 22:57:31,499 - root - INFO - ###############################  END  ###############################
2018-10-31 22:57:31,500 - root - INFO - ############################### START ###############################
2018-10-31 22:58:03,927 - root - INFO - ###############################  END  ###############################
2018-10-31 22:58:03,928 - root - INFO - ############################### START ###############################
2018-10-31 22:58:36,742 - root - INFO - ###############################  END  ###############################
2018-10-31 22:58:36,743 - root - INFO - ############################### START ###############################
2018-10-31 22:59:08,656 - root - INFO - ###############################  END  ###############################
2018-10-31 22:59:08,658 - root - INFO - ############################### START ###############################
2018-10-31 22:59:40,211 - root - INFO - ###############################  END  ###############################
2018-10-31 22:59:40,213 - root - INFO - ############################### START ###############################
2018-10-31 23:00:20,380 - root - INFO - ###############################  END  ###############################
2018-10-31 23:00:20,382 - root - INFO - ############################### START ###############################
2018-10-31 23:00:59,586 - root - INFO - ###############################  END  ###############################
2018-10-31 23:00:59,587 - root - INFO - ############################### START ###############################
2018-10-31 23:01:37,761 - root - INFO - ###############################  END  ###############################
2018-10-31 23:01:37,763 - root - INFO - ############################### START ###############################
2018-10-31 23:02:16,266 - root - INFO - ###############################  END  ###############################
2018-10-31 23:02:16,268 - root - INFO - ############################### START ###############################
2018-10-31 23:02:54,654 - root - INFO - ###############################  END  ###############################
2018-10-31 23:02:54,656 - root - INFO - ############################### START ###############################
2018-10-31 23:03:36,145 - root - INFO - ###############################  END  ###############################
2018-10-31 23:03:36,147 - root - INFO - ############################### START ###############################
2018-10-31 23:04:09,140 - root - INFO - ###############################  END  ###############################
2018-10-31 23:04:09,141 - root - INFO - ############################### START ###############################
2018-10-31 23:04:42,777 - root - INFO - ###############################  END  ###############################
2018-10-31 23:04:42,779 - root - INFO - ############################### START ###############################
2018-10-31 23:05:20,591 - root - INFO - ###############################  END  ###############################
2018-10-31 23:05:20,593 - root - INFO - ############################### START ###############################
2018-10-31 23:05:55,456 - root - INFO - ###############################  END  ###############################
2018-10-31 23:05:55,458 - root - INFO - ############################### START ###############################
2018-10-31 23:06:30,803 - root - INFO - ###############################  END  ###############################
2018-10-31 23:06:30,805 - root - INFO - ############################### START ###############################
2018-10-31 23:07:06,248 - root - INFO - ###############################  END  ###############################
2018-10-31 23:07:06,250 - root - INFO - ############################### START ###############################
2018-10-31 23:07:40,416 - root - INFO - ###############################  END  ###############################
2018-10-31 23:07:40,417 - root - INFO - ############################### START ###############################
2018-10-31 23:08:13,803 - root - INFO - ###############################  END  ###############################
2018-10-31 23:08:13,805 - root - INFO - ############################### START ###############################
2018-10-31 23:08:48,555 - root - INFO - ###############################  END  ###############################
2018-10-31 23:08:48,557 - root - INFO - ############################### START ###############################
2018-10-31 23:09:22,637 - root - INFO - ###############################  END  ###############################
2018-10-31 23:09:22,639 - root - INFO - ############################### START ###############################
2018-10-31 23:10:00,156 - root - INFO - ###############################  END  ###############################
2018-10-31 23:10:00,157 - root - INFO - ############################### START ###############################
2018-10-31 23:10:34,931 - root - INFO - ###############################  END  ###############################
2018-10-31 23:10:34,933 - root - INFO - ############################### START ###############################
2018-10-31 23:11:13,362 - root - INFO - ###############################  END  ###############################
2018-10-31 23:11:13,363 - root - INFO - ############################### START ###############################
2018-10-31 23:11:44,614 - root - INFO - ###############################  END  ###############################
2018-10-31 23:11:44,616 - root - INFO - ############################### START ###############################
2018-10-31 23:12:16,738 - root - INFO - ###############################  END  ###############################
2018-10-31 23:12:16,740 - root - INFO - ############################### START ###############################
2018-10-31 23:12:52,768 - root - INFO - ###############################  END  ###############################
2018-10-31 23:12:52,769 - root - INFO - ############################### START ###############################
2018-10-31 23:13:23,941 - root - INFO - ###############################  END  ###############################
2018-10-31 23:13:23,943 - root - INFO - ############################### START ###############################
2018-10-31 23:13:54,981 - root - INFO - ###############################  END  ###############################
2018-10-31 23:13:54,983 - root - INFO - ############################### START ###############################
2018-10-31 23:14:42,281 - root - INFO - ###############################  END  ###############################
2018-10-31 23:14:42,282 - root - INFO - ############################### START ###############################
2018-10-31 23:16:10,370 - root - INFO - ###############################  END  ###############################
2018-10-31 23:16:10,371 - root - INFO - ############################### START ###############################
2018-10-31 23:17:01,784 - root - INFO - ###############################  END  ###############################
2018-10-31 23:17:01,786 - root - INFO - ############################### START ###############################
2018-10-31 23:17:47,767 - root - INFO - ###############################  END  ###############################
2018-10-31 23:17:52,573 - root - INFO - 发送邮件成功
